<?xml version="1.0" encoding="UTF-8"?>
<testsuite xmlns:xsi="http://www.w3.org/2001/XMLSchema-instance" xsi:noNamespaceSchemaLocation="https://maven.apache.org/surefire/maven-surefire-plugin/xsd/surefire-test-report.xsd" name="com.openhome.OpenHomeMvcApplicationTests" time="34.955" tests="1" errors="0" skipped="0" failures="0">
  <properties>
    <property name="gopherProxySet" value="false"/>
    <property name="awt.toolkit" value="sun.lwawt.macosx.LWCToolkit"/>
    <property name="java.specification.version" value="9"/>
    <property name="file.encoding.pkg" value="sun.io"/>
    <property name="sun.cpu.isalist" value=""/>
    <property name="sun.jnu.encoding" value="UTF-8"/>
    <property name="java.class.path" value="/Users/appleapple/git/repositoryOpenHome/target/test-classes:/Users/appleapple/git/repositoryOpenHome/target/classes:/Users/appleapple/.m2/repository/org/springframework/boot/spring-boot-starter/2.2.1.RELEASE/spring-boot-starter-2.2.1.RELEASE.jar:/Users/appleapple/.m2/repository/org/springframework/boot/spring-boot/2.2.1.RELEASE/spring-boot-2.2.1.RELEASE.jar:/Users/appleapple/.m2/repository/org/springframework/spring-context/5.2.1.RELEASE/spring-context-5.2.1.RELEASE.jar:/Users/appleapple/.m2/repository/org/springframework/boot/spring-boot-autoconfigure/2.2.1.RELEASE/spring-boot-autoconfigure-2.2.1.RELEASE.jar:/Users/appleapple/.m2/repository/org/springframework/boot/spring-boot-starter-logging/2.2.1.RELEASE/spring-boot-starter-logging-2.2.1.RELEASE.jar:/Users/appleapple/.m2/repository/ch/qos/logback/logback-classic/1.2.3/logback-classic-1.2.3.jar:/Users/appleapple/.m2/repository/ch/qos/logback/logback-core/1.2.3/logback-core-1.2.3.jar:/Users/appleapple/.m2/repository/org/apache/logging/log4j/log4j-to-slf4j/2.12.1/log4j-to-slf4j-2.12.1.jar:/Users/appleapple/.m2/repository/org/apache/logging/log4j/log4j-api/2.12.1/log4j-api-2.12.1.jar:/Users/appleapple/.m2/repository/org/slf4j/jul-to-slf4j/1.7.29/jul-to-slf4j-1.7.29.jar:/Users/appleapple/.m2/repository/jakarta/annotation/jakarta.annotation-api/1.3.5/jakarta.annotation-api-1.3.5.jar:/Users/appleapple/.m2/repository/org/springframework/spring-core/5.2.1.RELEASE/spring-core-5.2.1.RELEASE.jar:/Users/appleapple/.m2/repository/org/springframework/spring-jcl/5.2.1.RELEASE/spring-jcl-5.2.1.RELEASE.jar:/Users/appleapple/.m2/repository/org/yaml/snakeyaml/1.25/snakeyaml-1.25.jar:/Users/appleapple/.m2/repository/org/springframework/boot/spring-boot-starter-data-jpa/2.2.1.RELEASE/spring-boot-starter-data-jpa-2.2.1.RELEASE.jar:/Users/appleapple/.m2/repository/org/springframework/boot/spring-boot-starter-jdbc/2.2.1.RELEASE/spring-boot-starter-jdbc-2.2.1.RELEASE.jar:/Users/appleapple/.m2/repository/com/zaxxer/HikariCP/3.4.1/HikariCP-3.4.1.jar:/Users/appleapple/.m2/repository/org/springframework/spring-jdbc/5.2.1.RELEASE/spring-jdbc-5.2.1.RELEASE.jar:/Users/appleapple/.m2/repository/jakarta/activation/jakarta.activation-api/1.2.1/jakarta.activation-api-1.2.1.jar:/Users/appleapple/.m2/repository/jakarta/persistence/jakarta.persistence-api/2.2.3/jakarta.persistence-api-2.2.3.jar:/Users/appleapple/.m2/repository/jakarta/transaction/jakarta.transaction-api/1.3.3/jakarta.transaction-api-1.3.3.jar:/Users/appleapple/.m2/repository/org/hibernate/hibernate-core/5.4.8.Final/hibernate-core-5.4.8.Final.jar:/Users/appleapple/.m2/repository/org/jboss/logging/jboss-logging/3.4.1.Final/jboss-logging-3.4.1.Final.jar:/Users/appleapple/.m2/repository/org/javassist/javassist/3.24.0-GA/javassist-3.24.0-GA.jar:/Users/appleapple/.m2/repository/net/bytebuddy/byte-buddy/1.10.2/byte-buddy-1.10.2.jar:/Users/appleapple/.m2/repository/antlr/antlr/2.7.7/antlr-2.7.7.jar:/Users/appleapple/.m2/repository/org/jboss/jandex/2.0.5.Final/jandex-2.0.5.Final.jar:/Users/appleapple/.m2/repository/com/fasterxml/classmate/1.5.1/classmate-1.5.1.jar:/Users/appleapple/.m2/repository/org/dom4j/dom4j/2.1.1/dom4j-2.1.1.jar:/Users/appleapple/.m2/repository/org/hibernate/common/hibernate-commons-annotations/5.1.0.Final/hibernate-commons-annotations-5.1.0.Final.jar:/Users/appleapple/.m2/repository/org/glassfish/jaxb/jaxb-runtime/2.3.2/jaxb-runtime-2.3.2.jar:/Users/appleapple/.m2/repository/org/glassfish/jaxb/txw2/2.3.2/txw2-2.3.2.jar:/Users/appleapple/.m2/repository/com/sun/istack/istack-commons-runtime/3.0.8/istack-commons-runtime-3.0.8.jar:/Users/appleapple/.m2/repository/org/jvnet/staxex/stax-ex/1.8.1/stax-ex-1.8.1.jar:/Users/appleapple/.m2/repository/com/sun/xml/fastinfoset/FastInfoset/1.2.16/FastInfoset-1.2.16.jar:/Users/appleapple/.m2/repository/org/springframework/data/spring-data-jpa/2.2.1.RELEASE/spring-data-jpa-2.2.1.RELEASE.jar:/Users/appleapple/.m2/repository/org/springframework/data/spring-data-commons/2.2.1.RELEASE/spring-data-commons-2.2.1.RELEASE.jar:/Users/appleapple/.m2/repository/org/springframework/spring-orm/5.2.1.RELEASE/spring-orm-5.2.1.RELEASE.jar:/Users/appleapple/.m2/repository/org/springframework/spring-tx/5.2.1.RELEASE/spring-tx-5.2.1.RELEASE.jar:/Users/appleapple/.m2/repository/org/springframework/spring-beans/5.2.1.RELEASE/spring-beans-5.2.1.RELEASE.jar:/Users/appleapple/.m2/repository/org/springframework/spring-aspects/5.2.1.RELEASE/spring-aspects-5.2.1.RELEASE.jar:/Users/appleapple/.m2/repository/org/springframework/boot/spring-boot-starter-mail/2.2.1.RELEASE/spring-boot-starter-mail-2.2.1.RELEASE.jar:/Users/appleapple/.m2/repository/org/springframework/spring-context-support/5.2.1.RELEASE/spring-context-support-5.2.1.RELEASE.jar:/Users/appleapple/.m2/repository/com/sun/mail/jakarta.mail/1.6.4/jakarta.mail-1.6.4.jar:/Users/appleapple/.m2/repository/com/sun/activation/jakarta.activation/1.2.1/jakarta.activation-1.2.1.jar:/Users/appleapple/.m2/repository/com/squareup/okhttp3/okhttp/3.4.2/okhttp-3.4.2.jar:/Users/appleapple/.m2/repository/com/squareup/okio/okio/1.9.0/okio-1.9.0.jar:/Users/appleapple/.m2/repository/mysql/mysql-connector-java/8.0.18/mysql-connector-java-8.0.18.jar:/Users/appleapple/.m2/repository/org/jasypt/jasypt/1.9.2/jasypt-1.9.2.jar:/Users/appleapple/.m2/repository/org/springframework/boot/spring-boot-starter-web/2.2.1.RELEASE/spring-boot-starter-web-2.2.1.RELEASE.jar:/Users/appleapple/.m2/repository/org/springframework/boot/spring-boot-starter-json/2.2.1.RELEASE/spring-boot-starter-json-2.2.1.RELEASE.jar:/Users/appleapple/.m2/repository/com/fasterxml/jackson/core/jackson-databind/2.10.0/jackson-databind-2.10.0.jar:/Users/appleapple/.m2/repository/com/fasterxml/jackson/core/jackson-annotations/2.10.0/jackson-annotations-2.10.0.jar:/Users/appleapple/.m2/repository/com/fasterxml/jackson/core/jackson-core/2.10.0/jackson-core-2.10.0.jar:/Users/appleapple/.m2/repository/com/fasterxml/jackson/datatype/jackson-datatype-jdk8/2.10.0/jackson-datatype-jdk8-2.10.0.jar:/Users/appleapple/.m2/repository/com/fasterxml/jackson/datatype/jackson-datatype-jsr310/2.10.0/jackson-datatype-jsr310-2.10.0.jar:/Users/appleapple/.m2/repository/com/fasterxml/jackson/module/jackson-module-parameter-names/2.10.0/jackson-module-parameter-names-2.10.0.jar:/Users/appleapple/.m2/repository/org/springframework/boot/spring-boot-starter-tomcat/2.2.1.RELEASE/spring-boot-starter-tomcat-2.2.1.RELEASE.jar:/Users/appleapple/.m2/repository/org/apache/tomcat/embed/tomcat-embed-core/9.0.27/tomcat-embed-core-9.0.27.jar:/Users/appleapple/.m2/repository/org/apache/tomcat/embed/tomcat-embed-el/9.0.27/tomcat-embed-el-9.0.27.jar:/Users/appleapple/.m2/repository/org/apache/tomcat/embed/tomcat-embed-websocket/9.0.27/tomcat-embed-websocket-9.0.27.jar:/Users/appleapple/.m2/repository/org/springframework/boot/spring-boot-starter-validation/2.2.1.RELEASE/spring-boot-starter-validation-2.2.1.RELEASE.jar:/Users/appleapple/.m2/repository/jakarta/validation/jakarta.validation-api/2.0.1/jakarta.validation-api-2.0.1.jar:/Users/appleapple/.m2/repository/org/hibernate/validator/hibernate-validator/6.0.18.Final/hibernate-validator-6.0.18.Final.jar:/Users/appleapple/.m2/repository/org/springframework/spring-web/5.2.1.RELEASE/spring-web-5.2.1.RELEASE.jar:/Users/appleapple/.m2/repository/org/springframework/spring-webmvc/5.2.1.RELEASE/spring-webmvc-5.2.1.RELEASE.jar:/Users/appleapple/.m2/repository/org/springframework/spring-expression/5.2.1.RELEASE/spring-expression-5.2.1.RELEASE.jar:/Users/appleapple/.m2/repository/org/springframework/boot/spring-boot-starter-thymeleaf/2.2.1.RELEASE/spring-boot-starter-thymeleaf-2.2.1.RELEASE.jar:/Users/appleapple/.m2/repository/org/thymeleaf/thymeleaf-spring5/3.0.11.RELEASE/thymeleaf-spring5-3.0.11.RELEASE.jar:/Users/appleapple/.m2/repository/org/thymeleaf/thymeleaf/3.0.11.RELEASE/thymeleaf-3.0.11.RELEASE.jar:/Users/appleapple/.m2/repository/org/attoparser/attoparser/2.0.5.RELEASE/attoparser-2.0.5.RELEASE.jar:/Users/appleapple/.m2/repository/org/unbescape/unbescape/1.1.6.RELEASE/unbescape-1.1.6.RELEASE.jar:/Users/appleapple/.m2/repository/org/thymeleaf/extras/thymeleaf-extras-java8time/3.0.4.RELEASE/thymeleaf-extras-java8time-3.0.4.RELEASE.jar:/Users/appleapple/.m2/repository/com/google/firebase/firebase-admin/6.11.0/firebase-admin-6.11.0.jar:/Users/appleapple/.m2/repository/com/google/api-client/google-api-client/1.30.1/google-api-client-1.30.1.jar:/Users/appleapple/.m2/repository/com/google/oauth-client/google-oauth-client/1.30.1/google-oauth-client-1.30.1.jar:/Users/appleapple/.m2/repository/com/google/http-client/google-http-client-jackson2/1.30.1/google-http-client-jackson2-1.30.1.jar:/Users/appleapple/.m2/repository/com/google/api-client/google-api-client-gson/1.30.1/google-api-client-gson-1.30.1.jar:/Users/appleapple/.m2/repository/com/google/http-client/google-http-client-gson/1.30.1/google-http-client-gson-1.30.1.jar:/Users/appleapple/.m2/repository/com/google/code/gson/gson/2.8.6/gson-2.8.6.jar:/Users/appleapple/.m2/repository/com/google/http-client/google-http-client/1.30.1/google-http-client-1.30.1.jar:/Users/appleapple/.m2/repository/com/google/code/findbugs/jsr305/3.0.2/jsr305-3.0.2.jar:/Users/appleapple/.m2/repository/com/google/j2objc/j2objc-annotations/1.3/j2objc-annotations-1.3.jar:/Users/appleapple/.m2/repository/io/opencensus/opencensus-api/0.21.0/opencensus-api-0.21.0.jar:/Users/appleapple/.m2/repository/io/grpc/grpc-context/1.19.0/grpc-context-1.19.0.jar:/Users/appleapple/.m2/repository/io/opencensus/opencensus-contrib-http-util/0.21.0/opencensus-contrib-http-util-0.21.0.jar:/Users/appleapple/.m2/repository/com/google/api/api-common/1.8.1/api-common-1.8.1.jar:/Users/appleapple/.m2/repository/javax/annotation/javax.annotation-api/1.3.2/javax.annotation-api-1.3.2.jar:/Users/appleapple/.m2/repository/com/google/auth/google-auth-library-oauth2-http/0.17.1/google-auth-library-oauth2-http-0.17.1.jar:/Users/appleapple/.m2/repository/com/google/auto/value/auto-value-annotations/1.6.6/auto-value-annotations-1.6.6.jar:/Users/appleapple/.m2/repository/com/google/auth/google-auth-library-credentials/0.17.1/google-auth-library-credentials-0.17.1.jar:/Users/appleapple/.m2/repository/com/google/cloud/google-cloud-storage/1.91.0/google-cloud-storage-1.91.0.jar:/Users/appleapple/.m2/repository/com/google/cloud/google-cloud-core-http/1.90.0/google-cloud-core-http-1.90.0.jar:/Users/appleapple/.m2/repository/com/google/cloud/google-cloud-core/1.90.0/google-cloud-core-1.90.0.jar:/Users/appleapple/.m2/repository/com/google/api/gax/1.48.1/gax-1.48.1.jar:/Users/appleapple/.m2/repository/com/google/protobuf/protobuf-java-util/3.9.1/protobuf-java-util-3.9.1.jar:/Users/appleapple/.m2/repository/com/google/errorprone/error_prone_annotations/2.3.2/error_prone_annotations-2.3.2.jar:/Users/appleapple/.m2/repository/com/google/api/grpc/proto-google-iam-v1/0.12.0/proto-google-iam-v1-0.12.0.jar:/Users/appleapple/.m2/repository/com/google/http-client/google-http-client-appengine/1.31.0/google-http-client-appengine-1.31.0.jar:/Users/appleapple/.m2/repository/com/google/api/gax-httpjson/0.65.1/gax-httpjson-0.65.1.jar:/Users/appleapple/.m2/repository/org/threeten/threetenbp/1.3.3/threetenbp-1.3.3.jar:/Users/appleapple/.m2/repository/com/google/apis/google-api-services-storage/v1-rev20190624-1.30.1/google-api-services-storage-v1-rev20190624-1.30.1.jar:/Users/appleapple/.m2/repository/com/google/cloud/google-cloud-firestore/1.21.0/google-cloud-firestore-1.21.0.jar:/Users/appleapple/.m2/repository/com/google/cloud/google-cloud-core-grpc/1.90.0/google-cloud-core-grpc-1.90.0.jar:/Users/appleapple/.m2/repository/com/google/api/gax-grpc/1.48.1/gax-grpc-1.48.1.jar:/Users/appleapple/.m2/repository/io/grpc/grpc-stub/1.23.0/grpc-stub-1.23.0.jar:/Users/appleapple/.m2/repository/io/grpc/grpc-api/1.23.0/grpc-api-1.23.0.jar:/Users/appleapple/.m2/repository/io/grpc/grpc-auth/1.23.0/grpc-auth-1.23.0.jar:/Users/appleapple/.m2/repository/io/grpc/grpc-protobuf/1.23.0/grpc-protobuf-1.23.0.jar:/Users/appleapple/.m2/repository/io/grpc/grpc-protobuf-lite/1.23.0/grpc-protobuf-lite-1.23.0.jar:/Users/appleapple/.m2/repository/io/grpc/grpc-netty-shaded/1.23.0/grpc-netty-shaded-1.23.0.jar:/Users/appleapple/.m2/repository/io/grpc/grpc-core/1.23.0/grpc-core-1.23.0.jar:/Users/appleapple/.m2/repository/com/google/android/annotations/4.1.1.4/annotations-4.1.1.4.jar:/Users/appleapple/.m2/repository/io/perfmark/perfmark-api/0.17.0/perfmark-api-0.17.0.jar:/Users/appleapple/.m2/repository/io/opencensus/opencensus-contrib-grpc-metrics/0.21.0/opencensus-contrib-grpc-metrics-0.21.0.jar:/Users/appleapple/.m2/repository/io/grpc/grpc-alts/1.23.0/grpc-alts-1.23.0.jar:/Users/appleapple/.m2/repository/io/grpc/grpc-grpclb/1.23.0/grpc-grpclb-1.23.0.jar:/Users/appleapple/.m2/repository/com/google/api/grpc/proto-google-cloud-firestore-admin-v1/1.21.0/proto-google-cloud-firestore-admin-v1-1.21.0.jar:/Users/appleapple/.m2/repository/com/google/protobuf/protobuf-java/3.9.1/protobuf-java-3.9.1.jar:/Users/appleapple/.m2/repository/com/google/api/grpc/proto-google-common-protos/1.16.0/proto-google-common-protos-1.16.0.jar:/Users/appleapple/.m2/repository/com/google/api/grpc/proto-google-cloud-firestore-v1/1.21.0/proto-google-cloud-firestore-v1-1.21.0.jar:/Users/appleapple/.m2/repository/com/google/api/grpc/proto-google-cloud-firestore-v1beta1/0.74.0/proto-google-cloud-firestore-v1beta1-0.74.0.jar:/Users/appleapple/.m2/repository/io/opencensus/opencensus-contrib-grpc-util/0.23.0/opencensus-contrib-grpc-util-0.23.0.jar:/Users/appleapple/.m2/repository/com/google/guava/guava/26.0-android/guava-26.0-android.jar:/Users/appleapple/.m2/repository/org/checkerframework/checker-compat-qual/2.5.2/checker-compat-qual-2.5.2.jar:/Users/appleapple/.m2/repository/org/codehaus/mojo/animal-sniffer-annotations/1.14/animal-sniffer-annotations-1.14.jar:/Users/appleapple/.m2/repository/org/slf4j/slf4j-api/1.7.29/slf4j-api-1.7.29.jar:/Users/appleapple/.m2/repository/io/netty/netty-codec-http/4.1.43.Final/netty-codec-http-4.1.43.Final.jar:/Users/appleapple/.m2/repository/io/netty/netty-common/4.1.43.Final/netty-common-4.1.43.Final.jar:/Users/appleapple/.m2/repository/io/netty/netty-buffer/4.1.43.Final/netty-buffer-4.1.43.Final.jar:/Users/appleapple/.m2/repository/io/netty/netty-codec/4.1.43.Final/netty-codec-4.1.43.Final.jar:/Users/appleapple/.m2/repository/io/netty/netty-handler/4.1.43.Final/netty-handler-4.1.43.Final.jar:/Users/appleapple/.m2/repository/io/netty/netty-transport/4.1.43.Final/netty-transport-4.1.43.Final.jar:/Users/appleapple/.m2/repository/io/netty/netty-resolver/4.1.43.Final/netty-resolver-4.1.43.Final.jar:/Users/appleapple/.m2/repository/commons-io/commons-io/2.6/commons-io-2.6.jar:/Users/appleapple/.m2/repository/com/cloudinary/cloudinary-http42/1.1.3/cloudinary-http42-1.1.3.jar:/Users/appleapple/.m2/repository/com/cloudinary/cloudinary-core/1.1.3/cloudinary-core-1.1.3.jar:/Users/appleapple/.m2/repository/org/apache/commons/commons-lang3/3.9/commons-lang3-3.9.jar:/Users/appleapple/.m2/repository/org/apache/httpcomponents/httpclient/4.5.10/httpclient-4.5.10.jar:/Users/appleapple/.m2/repository/commons-codec/commons-codec/1.13/commons-codec-1.13.jar:/Users/appleapple/.m2/repository/org/apache/httpcomponents/httpcore/4.4.12/httpcore-4.4.12.jar:/Users/appleapple/.m2/repository/org/apache/httpcomponents/httpmime/4.5.10/httpmime-4.5.10.jar:/Users/appleapple/.m2/repository/org/springframework/boot/spring-boot-starter-aop/2.2.1.RELEASE/spring-boot-starter-aop-2.2.1.RELEASE.jar:/Users/appleapple/.m2/repository/org/springframework/spring-aop/5.2.1.RELEASE/spring-aop-5.2.1.RELEASE.jar:/Users/appleapple/.m2/repository/org/aspectj/aspectjweaver/1.9.4/aspectjweaver-1.9.4.jar:/Users/appleapple/.m2/repository/org/springframework/boot/spring-boot-starter-test/2.2.1.RELEASE/spring-boot-starter-test-2.2.1.RELEASE.jar:/Users/appleapple/.m2/repository/org/springframework/boot/spring-boot-test/2.2.1.RELEASE/spring-boot-test-2.2.1.RELEASE.jar:/Users/appleapple/.m2/repository/org/springframework/boot/spring-boot-test-autoconfigure/2.2.1.RELEASE/spring-boot-test-autoconfigure-2.2.1.RELEASE.jar:/Users/appleapple/.m2/repository/com/jayway/jsonpath/json-path/2.4.0/json-path-2.4.0.jar:/Users/appleapple/.m2/repository/net/minidev/json-smart/2.3/json-smart-2.3.jar:/Users/appleapple/.m2/repository/net/minidev/accessors-smart/1.2/accessors-smart-1.2.jar:/Users/appleapple/.m2/repository/org/ow2/asm/asm/5.0.4/asm-5.0.4.jar:/Users/appleapple/.m2/repository/jakarta/xml/bind/jakarta.xml.bind-api/2.3.2/jakarta.xml.bind-api-2.3.2.jar:/Users/appleapple/.m2/repository/org/junit/jupiter/junit-jupiter/5.5.2/junit-jupiter-5.5.2.jar:/Users/appleapple/.m2/repository/org/junit/jupiter/junit-jupiter-api/5.5.2/junit-jupiter-api-5.5.2.jar:/Users/appleapple/.m2/repository/org/apiguardian/apiguardian-api/1.1.0/apiguardian-api-1.1.0.jar:/Users/appleapple/.m2/repository/org/opentest4j/opentest4j/1.2.0/opentest4j-1.2.0.jar:/Users/appleapple/.m2/repository/org/junit/platform/junit-platform-commons/1.5.2/junit-platform-commons-1.5.2.jar:/Users/appleapple/.m2/repository/org/junit/jupiter/junit-jupiter-params/5.5.2/junit-jupiter-params-5.5.2.jar:/Users/appleapple/.m2/repository/org/junit/jupiter/junit-jupiter-engine/5.5.2/junit-jupiter-engine-5.5.2.jar:/Users/appleapple/.m2/repository/org/junit/platform/junit-platform-engine/1.5.2/junit-platform-engine-1.5.2.jar:/Users/appleapple/.m2/repository/org/mockito/mockito-junit-jupiter/3.1.0/mockito-junit-jupiter-3.1.0.jar:/Users/appleapple/.m2/repository/org/assertj/assertj-core/3.13.2/assertj-core-3.13.2.jar:/Users/appleapple/.m2/repository/org/hamcrest/hamcrest/2.1/hamcrest-2.1.jar:/Users/appleapple/.m2/repository/org/mockito/mockito-core/3.1.0/mockito-core-3.1.0.jar:/Users/appleapple/.m2/repository/net/bytebuddy/byte-buddy-agent/1.10.2/byte-buddy-agent-1.10.2.jar:/Users/appleapple/.m2/repository/org/objenesis/objenesis/2.6/objenesis-2.6.jar:/Users/appleapple/.m2/repository/org/skyscreamer/jsonassert/1.5.0/jsonassert-1.5.0.jar:/Users/appleapple/.m2/repository/com/vaadin/external/google/android-json/0.0.20131108.vaadin1/android-json-0.0.20131108.vaadin1.jar:/Users/appleapple/.m2/repository/org/springframework/spring-test/5.2.1.RELEASE/spring-test-5.2.1.RELEASE.jar:/Users/appleapple/.m2/repository/org/xmlunit/xmlunit-core/2.6.3/xmlunit-core-2.6.3.jar:"/>
    <property name="java.vm.vendor" value="Oracle Corporation"/>
    <property name="sun.arch.data.model" value="64"/>
    <property name="java.vendor.url" value="http://java.oracle.com/"/>
    <property name="user.timezone" value=""/>
    <property name="java.vm.specification.version" value="9"/>
    <property name="os.name" value="Mac OS X"/>
    <property name="sun.java.launcher" value="SUN_STANDARD"/>
    <property name="user.country" value="US"/>
    <property name="sun.boot.library.path" value="/Library/Java/JavaVirtualMachines/jdk-9.jdk/Contents/Home/lib"/>
    <property name="sun.java.command" value="/Users/appleapple/git/repositoryOpenHome/target/surefire/surefirebooter1086195342813256411.jar /Users/appleapple/git/repositoryOpenHome/target/surefire 2019-12-17T22-57-31_507-jvmRun1 surefire11744106056311661935tmp surefire_015492790583041970353tmp"/>
    <property name="http.nonProxyHosts" value="local|*.local|169.254/16|*.169.254/16"/>
    <property name="jdk.debug" value="release"/>
    <property name="surefire.test.class.path" value="/Users/appleapple/git/repositoryOpenHome/target/test-classes:/Users/appleapple/git/repositoryOpenHome/target/classes:/Users/appleapple/.m2/repository/org/springframework/boot/spring-boot-starter/2.2.1.RELEASE/spring-boot-starter-2.2.1.RELEASE.jar:/Users/appleapple/.m2/repository/org/springframework/boot/spring-boot/2.2.1.RELEASE/spring-boot-2.2.1.RELEASE.jar:/Users/appleapple/.m2/repository/org/springframework/spring-context/5.2.1.RELEASE/spring-context-5.2.1.RELEASE.jar:/Users/appleapple/.m2/repository/org/springframework/boot/spring-boot-autoconfigure/2.2.1.RELEASE/spring-boot-autoconfigure-2.2.1.RELEASE.jar:/Users/appleapple/.m2/repository/org/springframework/boot/spring-boot-starter-logging/2.2.1.RELEASE/spring-boot-starter-logging-2.2.1.RELEASE.jar:/Users/appleapple/.m2/repository/ch/qos/logback/logback-classic/1.2.3/logback-classic-1.2.3.jar:/Users/appleapple/.m2/repository/ch/qos/logback/logback-core/1.2.3/logback-core-1.2.3.jar:/Users/appleapple/.m2/repository/org/apache/logging/log4j/log4j-to-slf4j/2.12.1/log4j-to-slf4j-2.12.1.jar:/Users/appleapple/.m2/repository/org/apache/logging/log4j/log4j-api/2.12.1/log4j-api-2.12.1.jar:/Users/appleapple/.m2/repository/org/slf4j/jul-to-slf4j/1.7.29/jul-to-slf4j-1.7.29.jar:/Users/appleapple/.m2/repository/jakarta/annotation/jakarta.annotation-api/1.3.5/jakarta.annotation-api-1.3.5.jar:/Users/appleapple/.m2/repository/org/springframework/spring-core/5.2.1.RELEASE/spring-core-5.2.1.RELEASE.jar:/Users/appleapple/.m2/repository/org/springframework/spring-jcl/5.2.1.RELEASE/spring-jcl-5.2.1.RELEASE.jar:/Users/appleapple/.m2/repository/org/yaml/snakeyaml/1.25/snakeyaml-1.25.jar:/Users/appleapple/.m2/repository/org/springframework/boot/spring-boot-starter-data-jpa/2.2.1.RELEASE/spring-boot-starter-data-jpa-2.2.1.RELEASE.jar:/Users/appleapple/.m2/repository/org/springframework/boot/spring-boot-starter-jdbc/2.2.1.RELEASE/spring-boot-starter-jdbc-2.2.1.RELEASE.jar:/Users/appleapple/.m2/repository/com/zaxxer/HikariCP/3.4.1/HikariCP-3.4.1.jar:/Users/appleapple/.m2/repository/org/springframework/spring-jdbc/5.2.1.RELEASE/spring-jdbc-5.2.1.RELEASE.jar:/Users/appleapple/.m2/repository/jakarta/activation/jakarta.activation-api/1.2.1/jakarta.activation-api-1.2.1.jar:/Users/appleapple/.m2/repository/jakarta/persistence/jakarta.persistence-api/2.2.3/jakarta.persistence-api-2.2.3.jar:/Users/appleapple/.m2/repository/jakarta/transaction/jakarta.transaction-api/1.3.3/jakarta.transaction-api-1.3.3.jar:/Users/appleapple/.m2/repository/org/hibernate/hibernate-core/5.4.8.Final/hibernate-core-5.4.8.Final.jar:/Users/appleapple/.m2/repository/org/jboss/logging/jboss-logging/3.4.1.Final/jboss-logging-3.4.1.Final.jar:/Users/appleapple/.m2/repository/org/javassist/javassist/3.24.0-GA/javassist-3.24.0-GA.jar:/Users/appleapple/.m2/repository/net/bytebuddy/byte-buddy/1.10.2/byte-buddy-1.10.2.jar:/Users/appleapple/.m2/repository/antlr/antlr/2.7.7/antlr-2.7.7.jar:/Users/appleapple/.m2/repository/org/jboss/jandex/2.0.5.Final/jandex-2.0.5.Final.jar:/Users/appleapple/.m2/repository/com/fasterxml/classmate/1.5.1/classmate-1.5.1.jar:/Users/appleapple/.m2/repository/org/dom4j/dom4j/2.1.1/dom4j-2.1.1.jar:/Users/appleapple/.m2/repository/org/hibernate/common/hibernate-commons-annotations/5.1.0.Final/hibernate-commons-annotations-5.1.0.Final.jar:/Users/appleapple/.m2/repository/org/glassfish/jaxb/jaxb-runtime/2.3.2/jaxb-runtime-2.3.2.jar:/Users/appleapple/.m2/repository/org/glassfish/jaxb/txw2/2.3.2/txw2-2.3.2.jar:/Users/appleapple/.m2/repository/com/sun/istack/istack-commons-runtime/3.0.8/istack-commons-runtime-3.0.8.jar:/Users/appleapple/.m2/repository/org/jvnet/staxex/stax-ex/1.8.1/stax-ex-1.8.1.jar:/Users/appleapple/.m2/repository/com/sun/xml/fastinfoset/FastInfoset/1.2.16/FastInfoset-1.2.16.jar:/Users/appleapple/.m2/repository/org/springframework/data/spring-data-jpa/2.2.1.RELEASE/spring-data-jpa-2.2.1.RELEASE.jar:/Users/appleapple/.m2/repository/org/springframework/data/spring-data-commons/2.2.1.RELEASE/spring-data-commons-2.2.1.RELEASE.jar:/Users/appleapple/.m2/repository/org/springframework/spring-orm/5.2.1.RELEASE/spring-orm-5.2.1.RELEASE.jar:/Users/appleapple/.m2/repository/org/springframework/spring-tx/5.2.1.RELEASE/spring-tx-5.2.1.RELEASE.jar:/Users/appleapple/.m2/repository/org/springframework/spring-beans/5.2.1.RELEASE/spring-beans-5.2.1.RELEASE.jar:/Users/appleapple/.m2/repository/org/springframework/spring-aspects/5.2.1.RELEASE/spring-aspects-5.2.1.RELEASE.jar:/Users/appleapple/.m2/repository/org/springframework/boot/spring-boot-starter-mail/2.2.1.RELEASE/spring-boot-starter-mail-2.2.1.RELEASE.jar:/Users/appleapple/.m2/repository/org/springframework/spring-context-support/5.2.1.RELEASE/spring-context-support-5.2.1.RELEASE.jar:/Users/appleapple/.m2/repository/com/sun/mail/jakarta.mail/1.6.4/jakarta.mail-1.6.4.jar:/Users/appleapple/.m2/repository/com/sun/activation/jakarta.activation/1.2.1/jakarta.activation-1.2.1.jar:/Users/appleapple/.m2/repository/com/squareup/okhttp3/okhttp/3.4.2/okhttp-3.4.2.jar:/Users/appleapple/.m2/repository/com/squareup/okio/okio/1.9.0/okio-1.9.0.jar:/Users/appleapple/.m2/repository/mysql/mysql-connector-java/8.0.18/mysql-connector-java-8.0.18.jar:/Users/appleapple/.m2/repository/org/jasypt/jasypt/1.9.2/jasypt-1.9.2.jar:/Users/appleapple/.m2/repository/org/springframework/boot/spring-boot-starter-web/2.2.1.RELEASE/spring-boot-starter-web-2.2.1.RELEASE.jar:/Users/appleapple/.m2/repository/org/springframework/boot/spring-boot-starter-json/2.2.1.RELEASE/spring-boot-starter-json-2.2.1.RELEASE.jar:/Users/appleapple/.m2/repository/com/fasterxml/jackson/core/jackson-databind/2.10.0/jackson-databind-2.10.0.jar:/Users/appleapple/.m2/repository/com/fasterxml/jackson/core/jackson-annotations/2.10.0/jackson-annotations-2.10.0.jar:/Users/appleapple/.m2/repository/com/fasterxml/jackson/core/jackson-core/2.10.0/jackson-core-2.10.0.jar:/Users/appleapple/.m2/repository/com/fasterxml/jackson/datatype/jackson-datatype-jdk8/2.10.0/jackson-datatype-jdk8-2.10.0.jar:/Users/appleapple/.m2/repository/com/fasterxml/jackson/datatype/jackson-datatype-jsr310/2.10.0/jackson-datatype-jsr310-2.10.0.jar:/Users/appleapple/.m2/repository/com/fasterxml/jackson/module/jackson-module-parameter-names/2.10.0/jackson-module-parameter-names-2.10.0.jar:/Users/appleapple/.m2/repository/org/springframework/boot/spring-boot-starter-tomcat/2.2.1.RELEASE/spring-boot-starter-tomcat-2.2.1.RELEASE.jar:/Users/appleapple/.m2/repository/org/apache/tomcat/embed/tomcat-embed-core/9.0.27/tomcat-embed-core-9.0.27.jar:/Users/appleapple/.m2/repository/org/apache/tomcat/embed/tomcat-embed-el/9.0.27/tomcat-embed-el-9.0.27.jar:/Users/appleapple/.m2/repository/org/apache/tomcat/embed/tomcat-embed-websocket/9.0.27/tomcat-embed-websocket-9.0.27.jar:/Users/appleapple/.m2/repository/org/springframework/boot/spring-boot-starter-validation/2.2.1.RELEASE/spring-boot-starter-validation-2.2.1.RELEASE.jar:/Users/appleapple/.m2/repository/jakarta/validation/jakarta.validation-api/2.0.1/jakarta.validation-api-2.0.1.jar:/Users/appleapple/.m2/repository/org/hibernate/validator/hibernate-validator/6.0.18.Final/hibernate-validator-6.0.18.Final.jar:/Users/appleapple/.m2/repository/org/springframework/spring-web/5.2.1.RELEASE/spring-web-5.2.1.RELEASE.jar:/Users/appleapple/.m2/repository/org/springframework/spring-webmvc/5.2.1.RELEASE/spring-webmvc-5.2.1.RELEASE.jar:/Users/appleapple/.m2/repository/org/springframework/spring-expression/5.2.1.RELEASE/spring-expression-5.2.1.RELEASE.jar:/Users/appleapple/.m2/repository/org/springframework/boot/spring-boot-starter-thymeleaf/2.2.1.RELEASE/spring-boot-starter-thymeleaf-2.2.1.RELEASE.jar:/Users/appleapple/.m2/repository/org/thymeleaf/thymeleaf-spring5/3.0.11.RELEASE/thymeleaf-spring5-3.0.11.RELEASE.jar:/Users/appleapple/.m2/repository/org/thymeleaf/thymeleaf/3.0.11.RELEASE/thymeleaf-3.0.11.RELEASE.jar:/Users/appleapple/.m2/repository/org/attoparser/attoparser/2.0.5.RELEASE/attoparser-2.0.5.RELEASE.jar:/Users/appleapple/.m2/repository/org/unbescape/unbescape/1.1.6.RELEASE/unbescape-1.1.6.RELEASE.jar:/Users/appleapple/.m2/repository/org/thymeleaf/extras/thymeleaf-extras-java8time/3.0.4.RELEASE/thymeleaf-extras-java8time-3.0.4.RELEASE.jar:/Users/appleapple/.m2/repository/com/google/firebase/firebase-admin/6.11.0/firebase-admin-6.11.0.jar:/Users/appleapple/.m2/repository/com/google/api-client/google-api-client/1.30.1/google-api-client-1.30.1.jar:/Users/appleapple/.m2/repository/com/google/oauth-client/google-oauth-client/1.30.1/google-oauth-client-1.30.1.jar:/Users/appleapple/.m2/repository/com/google/http-client/google-http-client-jackson2/1.30.1/google-http-client-jackson2-1.30.1.jar:/Users/appleapple/.m2/repository/com/google/api-client/google-api-client-gson/1.30.1/google-api-client-gson-1.30.1.jar:/Users/appleapple/.m2/repository/com/google/http-client/google-http-client-gson/1.30.1/google-http-client-gson-1.30.1.jar:/Users/appleapple/.m2/repository/com/google/code/gson/gson/2.8.6/gson-2.8.6.jar:/Users/appleapple/.m2/repository/com/google/http-client/google-http-client/1.30.1/google-http-client-1.30.1.jar:/Users/appleapple/.m2/repository/com/google/code/findbugs/jsr305/3.0.2/jsr305-3.0.2.jar:/Users/appleapple/.m2/repository/com/google/j2objc/j2objc-annotations/1.3/j2objc-annotations-1.3.jar:/Users/appleapple/.m2/repository/io/opencensus/opencensus-api/0.21.0/opencensus-api-0.21.0.jar:/Users/appleapple/.m2/repository/io/grpc/grpc-context/1.19.0/grpc-context-1.19.0.jar:/Users/appleapple/.m2/repository/io/opencensus/opencensus-contrib-http-util/0.21.0/opencensus-contrib-http-util-0.21.0.jar:/Users/appleapple/.m2/repository/com/google/api/api-common/1.8.1/api-common-1.8.1.jar:/Users/appleapple/.m2/repository/javax/annotation/javax.annotation-api/1.3.2/javax.annotation-api-1.3.2.jar:/Users/appleapple/.m2/repository/com/google/auth/google-auth-library-oauth2-http/0.17.1/google-auth-library-oauth2-http-0.17.1.jar:/Users/appleapple/.m2/repository/com/google/auto/value/auto-value-annotations/1.6.6/auto-value-annotations-1.6.6.jar:/Users/appleapple/.m2/repository/com/google/auth/google-auth-library-credentials/0.17.1/google-auth-library-credentials-0.17.1.jar:/Users/appleapple/.m2/repository/com/google/cloud/google-cloud-storage/1.91.0/google-cloud-storage-1.91.0.jar:/Users/appleapple/.m2/repository/com/google/cloud/google-cloud-core-http/1.90.0/google-cloud-core-http-1.90.0.jar:/Users/appleapple/.m2/repository/com/google/cloud/google-cloud-core/1.90.0/google-cloud-core-1.90.0.jar:/Users/appleapple/.m2/repository/com/google/api/gax/1.48.1/gax-1.48.1.jar:/Users/appleapple/.m2/repository/com/google/protobuf/protobuf-java-util/3.9.1/protobuf-java-util-3.9.1.jar:/Users/appleapple/.m2/repository/com/google/errorprone/error_prone_annotations/2.3.2/error_prone_annotations-2.3.2.jar:/Users/appleapple/.m2/repository/com/google/api/grpc/proto-google-iam-v1/0.12.0/proto-google-iam-v1-0.12.0.jar:/Users/appleapple/.m2/repository/com/google/http-client/google-http-client-appengine/1.31.0/google-http-client-appengine-1.31.0.jar:/Users/appleapple/.m2/repository/com/google/api/gax-httpjson/0.65.1/gax-httpjson-0.65.1.jar:/Users/appleapple/.m2/repository/org/threeten/threetenbp/1.3.3/threetenbp-1.3.3.jar:/Users/appleapple/.m2/repository/com/google/apis/google-api-services-storage/v1-rev20190624-1.30.1/google-api-services-storage-v1-rev20190624-1.30.1.jar:/Users/appleapple/.m2/repository/com/google/cloud/google-cloud-firestore/1.21.0/google-cloud-firestore-1.21.0.jar:/Users/appleapple/.m2/repository/com/google/cloud/google-cloud-core-grpc/1.90.0/google-cloud-core-grpc-1.90.0.jar:/Users/appleapple/.m2/repository/com/google/api/gax-grpc/1.48.1/gax-grpc-1.48.1.jar:/Users/appleapple/.m2/repository/io/grpc/grpc-stub/1.23.0/grpc-stub-1.23.0.jar:/Users/appleapple/.m2/repository/io/grpc/grpc-api/1.23.0/grpc-api-1.23.0.jar:/Users/appleapple/.m2/repository/io/grpc/grpc-auth/1.23.0/grpc-auth-1.23.0.jar:/Users/appleapple/.m2/repository/io/grpc/grpc-protobuf/1.23.0/grpc-protobuf-1.23.0.jar:/Users/appleapple/.m2/repository/io/grpc/grpc-protobuf-lite/1.23.0/grpc-protobuf-lite-1.23.0.jar:/Users/appleapple/.m2/repository/io/grpc/grpc-netty-shaded/1.23.0/grpc-netty-shaded-1.23.0.jar:/Users/appleapple/.m2/repository/io/grpc/grpc-core/1.23.0/grpc-core-1.23.0.jar:/Users/appleapple/.m2/repository/com/google/android/annotations/4.1.1.4/annotations-4.1.1.4.jar:/Users/appleapple/.m2/repository/io/perfmark/perfmark-api/0.17.0/perfmark-api-0.17.0.jar:/Users/appleapple/.m2/repository/io/opencensus/opencensus-contrib-grpc-metrics/0.21.0/opencensus-contrib-grpc-metrics-0.21.0.jar:/Users/appleapple/.m2/repository/io/grpc/grpc-alts/1.23.0/grpc-alts-1.23.0.jar:/Users/appleapple/.m2/repository/io/grpc/grpc-grpclb/1.23.0/grpc-grpclb-1.23.0.jar:/Users/appleapple/.m2/repository/com/google/api/grpc/proto-google-cloud-firestore-admin-v1/1.21.0/proto-google-cloud-firestore-admin-v1-1.21.0.jar:/Users/appleapple/.m2/repository/com/google/protobuf/protobuf-java/3.9.1/protobuf-java-3.9.1.jar:/Users/appleapple/.m2/repository/com/google/api/grpc/proto-google-common-protos/1.16.0/proto-google-common-protos-1.16.0.jar:/Users/appleapple/.m2/repository/com/google/api/grpc/proto-google-cloud-firestore-v1/1.21.0/proto-google-cloud-firestore-v1-1.21.0.jar:/Users/appleapple/.m2/repository/com/google/api/grpc/proto-google-cloud-firestore-v1beta1/0.74.0/proto-google-cloud-firestore-v1beta1-0.74.0.jar:/Users/appleapple/.m2/repository/io/opencensus/opencensus-contrib-grpc-util/0.23.0/opencensus-contrib-grpc-util-0.23.0.jar:/Users/appleapple/.m2/repository/com/google/guava/guava/26.0-android/guava-26.0-android.jar:/Users/appleapple/.m2/repository/org/checkerframework/checker-compat-qual/2.5.2/checker-compat-qual-2.5.2.jar:/Users/appleapple/.m2/repository/org/codehaus/mojo/animal-sniffer-annotations/1.14/animal-sniffer-annotations-1.14.jar:/Users/appleapple/.m2/repository/org/slf4j/slf4j-api/1.7.29/slf4j-api-1.7.29.jar:/Users/appleapple/.m2/repository/io/netty/netty-codec-http/4.1.43.Final/netty-codec-http-4.1.43.Final.jar:/Users/appleapple/.m2/repository/io/netty/netty-common/4.1.43.Final/netty-common-4.1.43.Final.jar:/Users/appleapple/.m2/repository/io/netty/netty-buffer/4.1.43.Final/netty-buffer-4.1.43.Final.jar:/Users/appleapple/.m2/repository/io/netty/netty-codec/4.1.43.Final/netty-codec-4.1.43.Final.jar:/Users/appleapple/.m2/repository/io/netty/netty-handler/4.1.43.Final/netty-handler-4.1.43.Final.jar:/Users/appleapple/.m2/repository/io/netty/netty-transport/4.1.43.Final/netty-transport-4.1.43.Final.jar:/Users/appleapple/.m2/repository/io/netty/netty-resolver/4.1.43.Final/netty-resolver-4.1.43.Final.jar:/Users/appleapple/.m2/repository/commons-io/commons-io/2.6/commons-io-2.6.jar:/Users/appleapple/.m2/repository/com/cloudinary/cloudinary-http42/1.1.3/cloudinary-http42-1.1.3.jar:/Users/appleapple/.m2/repository/com/cloudinary/cloudinary-core/1.1.3/cloudinary-core-1.1.3.jar:/Users/appleapple/.m2/repository/org/apache/commons/commons-lang3/3.9/commons-lang3-3.9.jar:/Users/appleapple/.m2/repository/org/apache/httpcomponents/httpclient/4.5.10/httpclient-4.5.10.jar:/Users/appleapple/.m2/repository/commons-codec/commons-codec/1.13/commons-codec-1.13.jar:/Users/appleapple/.m2/repository/org/apache/httpcomponents/httpcore/4.4.12/httpcore-4.4.12.jar:/Users/appleapple/.m2/repository/org/apache/httpcomponents/httpmime/4.5.10/httpmime-4.5.10.jar:/Users/appleapple/.m2/repository/org/springframework/boot/spring-boot-starter-aop/2.2.1.RELEASE/spring-boot-starter-aop-2.2.1.RELEASE.jar:/Users/appleapple/.m2/repository/org/springframework/spring-aop/5.2.1.RELEASE/spring-aop-5.2.1.RELEASE.jar:/Users/appleapple/.m2/repository/org/aspectj/aspectjweaver/1.9.4/aspectjweaver-1.9.4.jar:/Users/appleapple/.m2/repository/org/springframework/boot/spring-boot-starter-test/2.2.1.RELEASE/spring-boot-starter-test-2.2.1.RELEASE.jar:/Users/appleapple/.m2/repository/org/springframework/boot/spring-boot-test/2.2.1.RELEASE/spring-boot-test-2.2.1.RELEASE.jar:/Users/appleapple/.m2/repository/org/springframework/boot/spring-boot-test-autoconfigure/2.2.1.RELEASE/spring-boot-test-autoconfigure-2.2.1.RELEASE.jar:/Users/appleapple/.m2/repository/com/jayway/jsonpath/json-path/2.4.0/json-path-2.4.0.jar:/Users/appleapple/.m2/repository/net/minidev/json-smart/2.3/json-smart-2.3.jar:/Users/appleapple/.m2/repository/net/minidev/accessors-smart/1.2/accessors-smart-1.2.jar:/Users/appleapple/.m2/repository/org/ow2/asm/asm/5.0.4/asm-5.0.4.jar:/Users/appleapple/.m2/repository/jakarta/xml/bind/jakarta.xml.bind-api/2.3.2/jakarta.xml.bind-api-2.3.2.jar:/Users/appleapple/.m2/repository/org/junit/jupiter/junit-jupiter/5.5.2/junit-jupiter-5.5.2.jar:/Users/appleapple/.m2/repository/org/junit/jupiter/junit-jupiter-api/5.5.2/junit-jupiter-api-5.5.2.jar:/Users/appleapple/.m2/repository/org/apiguardian/apiguardian-api/1.1.0/apiguardian-api-1.1.0.jar:/Users/appleapple/.m2/repository/org/opentest4j/opentest4j/1.2.0/opentest4j-1.2.0.jar:/Users/appleapple/.m2/repository/org/junit/platform/junit-platform-commons/1.5.2/junit-platform-commons-1.5.2.jar:/Users/appleapple/.m2/repository/org/junit/jupiter/junit-jupiter-params/5.5.2/junit-jupiter-params-5.5.2.jar:/Users/appleapple/.m2/repository/org/junit/jupiter/junit-jupiter-engine/5.5.2/junit-jupiter-engine-5.5.2.jar:/Users/appleapple/.m2/repository/org/junit/platform/junit-platform-engine/1.5.2/junit-platform-engine-1.5.2.jar:/Users/appleapple/.m2/repository/org/mockito/mockito-junit-jupiter/3.1.0/mockito-junit-jupiter-3.1.0.jar:/Users/appleapple/.m2/repository/org/assertj/assertj-core/3.13.2/assertj-core-3.13.2.jar:/Users/appleapple/.m2/repository/org/hamcrest/hamcrest/2.1/hamcrest-2.1.jar:/Users/appleapple/.m2/repository/org/mockito/mockito-core/3.1.0/mockito-core-3.1.0.jar:/Users/appleapple/.m2/repository/net/bytebuddy/byte-buddy-agent/1.10.2/byte-buddy-agent-1.10.2.jar:/Users/appleapple/.m2/repository/org/objenesis/objenesis/2.6/objenesis-2.6.jar:/Users/appleapple/.m2/repository/org/skyscreamer/jsonassert/1.5.0/jsonassert-1.5.0.jar:/Users/appleapple/.m2/repository/com/vaadin/external/google/android-json/0.0.20131108.vaadin1/android-json-0.0.20131108.vaadin1.jar:/Users/appleapple/.m2/repository/org/springframework/spring-test/5.2.1.RELEASE/spring-test-5.2.1.RELEASE.jar:/Users/appleapple/.m2/repository/org/xmlunit/xmlunit-core/2.6.3/xmlunit-core-2.6.3.jar:"/>
    <property name="sun.cpu.endian" value="little"/>
    <property name="user.home" value="/Users/appleapple"/>
    <property name="user.language" value="en"/>
    <property name="java.specification.vendor" value="Oracle Corporation"/>
    <property name="java.home" value="/Library/Java/JavaVirtualMachines/jdk-9.jdk/Contents/Home"/>
    <property name="file.separator" value="/"/>
    <property name="basedir" value="/Users/appleapple/git/repositoryOpenHome"/>
    <property name="java.vm.compressedOopsMode" value="Zero based"/>
    <property name="line.separator" value="&#10;"/>
    <property name="java.specification.name" value="Java Platform API Specification"/>
    <property name="java.vm.specification.vendor" value="Oracle Corporation"/>
    <property name="java.awt.graphicsenv" value="sun.awt.CGraphicsEnvironment"/>
    <property name="surefire.real.class.path" value="/Users/appleapple/git/repositoryOpenHome/target/surefire/surefirebooter1086195342813256411.jar"/>
    <property name="sun.management.compiler" value="HotSpot 64-Bit Tiered Compilers"/>
    <property name="ftp.nonProxyHosts" value="local|*.local|169.254/16|*.169.254/16"/>
    <property name="java.runtime.version" value="9+181"/>
    <property name="user.name" value="appleapple"/>
    <property name="path.separator" value=":"/>
    <property name="os.version" value="10.14.5"/>
    <property name="java.runtime.name" value="Java(TM) SE Runtime Environment"/>
    <property name="file.encoding" value="UTF-8"/>
    <property name="java.vm.name" value="Java HotSpot(TM) 64-Bit Server VM"/>
    <property name="localRepository" value="/Users/appleapple/.m2/repository"/>
    <property name="java.vendor.url.bug" value="http://bugreport.java.com/bugreport/"/>
    <property name="java.io.tmpdir" value="/var/folders/wy/mh5qml45607gbv0q72rcv_gm0000gn/T/"/>
    <property name="java.version" value="9"/>
    <property name="user.dir" value="/Users/appleapple/git/repositoryOpenHome"/>
    <property name="os.arch" value="x86_64"/>
    <property name="java.vm.specification.name" value="Java Virtual Machine Specification"/>
    <property name="java.awt.printerjob" value="sun.lwawt.macosx.CPrinterJob"/>
    <property name="sun.os.patch.level" value="unknown"/>
    <property name="java.library.path" value="/Users/appleapple/Library/Java/Extensions:/Library/Java/Extensions:/Network/Library/Java/Extensions:/System/Library/Java/Extensions:/usr/lib/java:."/>
    <property name="java.vm.info" value="mixed mode"/>
    <property name="java.vendor" value="Oracle Corporation"/>
    <property name="java.vm.version" value="9+181"/>
    <property name="sun.io.unicode.encoding" value="UnicodeBig"/>
    <property name="java.class.version" value="53.0"/>
    <property name="socksNonProxyHosts" value="local|*.local|169.254/16|*.169.254/16"/>
  </properties>
  <testcase name="contextLoads" classname="com.openhome.OpenHomeMvcApplicationTests" time="0.125"/>
</testsuite>